0 info it worked if it ends with ok
1 verbose cli [ '/Users/a1278/.nvm/versions/node/v6.0.0/bin/node',
1 verbose cli   '/Users/a1278/.nvm/versions/node/v6.0.0/bin/npm',
1 verbose cli   'run',
1 verbose cli   'publish' ]
2 info using npm@3.10.2
3 info using node@v6.0.0
4 verbose run-script [ 'prepublish', 'publish', 'postpublish' ]
5 info lifecycle shower@2.1.1~prepublish: shower@2.1.1
6 silly lifecycle shower@2.1.1~prepublish: no script for prepublish, continuing
7 info lifecycle shower@2.1.1~publish: shower@2.1.1
8 verbose lifecycle shower@2.1.1~publish: unsafe-perm in lifecycle true
9 verbose lifecycle shower@2.1.1~publish: PATH: /Users/a1278/.nvm/versions/node/v6.0.0/lib/node_modules/npm/bin/node-gyp-bin:/Users/a1278/www/marionettejs-backbonejs-lodash-underscore/node_modules/.bin:/Users/a1278/.nvm/versions/node/v6.0.0/bin:/Users/a1278/.rvm/gems/ruby-2.2.1/bin:/Users/a1278/.rvm/gems/ruby-2.2.1@global/bin:/Users/a1278/.rvm/rubies/ruby-2.2.1/bin:/Users/a1278/.nvm/versions/node/v6.0.0/bin:/usr/local/bin:/usr/bin:/bin:/usr/sbin:/sbin:/Users/a1278/.rvm/bin
10 verbose lifecycle shower@2.1.1~publish: CWD: /Users/a1278/www/marionettejs-backbonejs-lodash-underscore
11 silly lifecycle shower@2.1.1~publish: Args: [ '-c', 'gulp publish' ]
12 silly lifecycle shower@2.1.1~publish: Returned: code: 1  signal: null
13 info lifecycle shower@2.1.1~publish: Failed to exec publish script
14 verbose stack Error: shower@2.1.1 publish: `gulp publish`
14 verbose stack Exit status 1
14 verbose stack     at EventEmitter.<anonymous> (/Users/a1278/.nvm/versions/node/v6.0.0/lib/node_modules/npm/lib/utils/lifecycle.js:242:16)
14 verbose stack     at emitTwo (events.js:106:13)
14 verbose stack     at EventEmitter.emit (events.js:191:7)
14 verbose stack     at ChildProcess.<anonymous> (/Users/a1278/.nvm/versions/node/v6.0.0/lib/node_modules/npm/lib/utils/spawn.js:40:14)
14 verbose stack     at emitTwo (events.js:106:13)
14 verbose stack     at ChildProcess.emit (events.js:191:7)
14 verbose stack     at maybeClose (internal/child_process.js:850:16)
14 verbose stack     at Process.ChildProcess._handle.onexit (internal/child_process.js:215:5)
15 verbose pkgid shower@2.1.1
16 verbose cwd /Users/a1278/www/marionettejs-backbonejs-lodash-underscore
17 error Darwin 14.5.0
18 error argv "/Users/a1278/.nvm/versions/node/v6.0.0/bin/node" "/Users/a1278/.nvm/versions/node/v6.0.0/bin/npm" "run" "publish"
19 error node v6.0.0
20 error npm  v3.10.2
21 error code ELIFECYCLE
22 error shower@2.1.1 publish: `gulp publish`
22 error Exit status 1
23 error Failed at the shower@2.1.1 publish script 'gulp publish'.
23 error Make sure you have the latest version of node.js and npm installed.
23 error If you do, this is most likely a problem with the shower package,
23 error not with npm itself.
23 error Tell the author that this fails on your system:
23 error     gulp publish
23 error You can get information on how to open an issue for this project with:
23 error     npm bugs shower
23 error Or if that isn't available, you can get their info via:
23 error     npm owner ls shower
23 error There is likely additional logging output above.
24 verbose exit [ 1, true ]
